<?xml version="1.0" encoding="UTF-8"?>
<!-- Generated by org.testng.reporters.JUnitXMLReporter -->
<testsuite ignored="0" hostname="DESKTOP-R9FEGS1" failures="1" tests="1" name="Test2" time="1.993" errors="0" timestamp="2025-01-19T16:24:52 IST">
  <testcase classname="Ecom.Shop.LoginPage" name="loginTest" time="1.751">
    <failure type="java.lang.AssertionError" message="expected [pass] but found [pas]">
      <![CDATA[java.lang.AssertionError: expected [pass] but found [pas]
at Ecom.Shop.LoginPage.loginTest(LoginPage.java:20)
at java.base/java.util.ArrayList.forEach(ArrayList.java:1511)
... Removed 33 stack frames]]>
    </failure>
  </testcase> <!-- loginTest -->
</testsuite> <!-- Test2 -->
